2021-03-25 17:09:20 INFO  SeleniumUtility:49 - Salesforce  is launched
2021-03-25 17:09:20 INFO  HomePageFunctionality:27 - ChromeDriver: chrome on WINDOWS (a68c4d9d251d3e919f2d99a4d76ff51b)
2021-03-25 17:09:20 INFO  HomePageFunctionality:28 - App is launching
2021-03-25 17:09:26 INFO  SeleniumUtility:54 - Salesforce  is closed
2021-03-25 17:10:36 INFO  SeleniumUtility:49 - Salesforce  is launched
2021-03-25 17:10:36 INFO  HomePageFunctionality:27 - ChromeDriver: chrome on WINDOWS (a0a5e245aaaa4783200f8e9fea353e82)
2021-03-25 17:10:36 INFO  HomePageFunctionality:28 - App is launching
2021-03-25 17:10:46 INFO  SeleniumUtility:54 - Salesforce  is closed
2021-03-25 17:12:54 INFO  SeleniumUtility:49 - Salesforce  is launched
2021-03-25 17:12:54 INFO  HomePageFunctionality:27 - ChromeDriver: chrome on WINDOWS (5724196ad3e5bc8a4f4512782bd1fcb2)
2021-03-25 17:12:54 INFO  HomePageFunctionality:28 - App is launching
2021-03-25 17:13:03 INFO  SeleniumUtility:54 - Salesforce  is closed
2021-03-25 17:14:17 INFO  SeleniumUtility:49 - Salesforce  is launched
2021-03-25 17:14:17 INFO  HomePageFunctionality:27 - ChromeDriver: chrome on WINDOWS (e623c071ff198fc37674b2a2a0004893)
2021-03-25 17:14:17 INFO  HomePageFunctionality:28 - App is launching
2021-03-25 17:14:28 INFO  SeleniumUtility:54 - Salesforce  is closed
2021-03-25 20:57:35 INFO  SeleniumUtility:49 - Salesforce  is launched
2021-03-25 20:57:35 INFO  HomePageFunctionality:27 - ChromeDriver: chrome on WINDOWS (ac6411ab85d2be9ffbb9bb8ddb84cd66)
2021-03-25 20:57:35 INFO  HomePageFunctionality:28 - App is launching
2021-03-25 20:57:41 INFO  SeleniumUtility:54 - Salesforce  is closed
2021-03-25 20:57:52 INFO  SeleniumUtility:49 - Salesforce  is launched
2021-03-25 20:57:52 INFO  HomePageFunctionality:27 - ChromeDriver: chrome on WINDOWS (9fae2f35906e19e43fee5f4c41dc829f)
2021-03-25 20:57:52 INFO  HomePageFunctionality:28 - App is launching
2021-03-25 20:57:58 INFO  SeleniumUtility:54 - Salesforce  is closed
2021-03-25 21:06:48 INFO  SeleniumUtility:49 - Salesforce  is launched
2021-03-25 21:06:48 INFO  HomePageFunctionality:27 - ChromeDriver: chrome on WINDOWS (ce8008789cc9a6ec994fcffc64c72ba5)
2021-03-25 21:06:48 INFO  HomePageFunctionality:28 - App is launching
2021-03-25 21:06:56 INFO  SeleniumUtility:54 - Salesforce  is closed
2021-03-25 21:20:38 INFO  SeleniumUtility:49 - Salesforce  is launched
2021-03-25 21:20:38 INFO  HomePageFunctionality:27 - ChromeDriver: chrome on WINDOWS (3de636a4bd8d40015ae592581b13d427)
2021-03-25 21:20:38 INFO  HomePageFunctionality:28 - App is launching
2021-03-25 21:20:48 INFO  SeleniumUtility:54 - Salesforce  is closed
2021-03-25 21:21:37 INFO  SeleniumUtility:49 - Salesforce  is launched
2021-03-25 21:21:37 INFO  HomePageFunctionality:27 - ChromeDriver: chrome on WINDOWS (473fc43862b3022b2ea862d988bd3d8f)
2021-03-25 21:21:37 INFO  HomePageFunctionality:28 - App is launching
2021-03-25 21:21:47 INFO  SeleniumUtility:54 - Salesforce  is closed
2021-03-25 21:24:06 INFO  SeleniumUtility:49 - Salesforce  is launched
2021-03-25 21:24:06 INFO  HomePageFunctionality:27 - ChromeDriver: chrome on WINDOWS (ca97ac07400b0fb360d9322635a3e582)
2021-03-25 21:24:06 INFO  HomePageFunctionality:28 - App is launching
2021-03-25 21:24:13 INFO  SeleniumUtility:54 - Salesforce  is closed
2021-03-25 21:30:35 INFO  SeleniumUtility:49 - Salesforce  is launched
2021-03-25 21:30:35 INFO  HomePageFunctionality:27 - ChromeDriver: chrome on WINDOWS (5d5396c07f7514c651483c60ca827cf4)
2021-03-25 21:30:35 INFO  HomePageFunctionality:28 - App is launching
2021-03-25 21:30:41 INFO  SeleniumUtility:54 - Salesforce  is closed
2021-03-26 07:17:44 INFO  SeleniumUtility:49 - Salesforce  is launched
2021-03-26 07:17:44 INFO  HomePageFunctionality:27 - ChromeDriver: chrome on WINDOWS (12460ed082f69c601ffda8e118b9351f)
2021-03-26 07:17:44 INFO  HomePageFunctionality:28 - App is launching
2021-03-26 07:17:52 INFO  SeleniumUtility:54 - Salesforce  is closed
2021-03-26 07:27:19 INFO  SeleniumUtility:49 - Salesforce  is launched
2021-03-26 07:27:19 INFO  HomePageFunctionality:25 - ChromeDriver: chrome on WINDOWS (40d22c8f83a63a6845c4be75285785d4)
2021-03-26 07:27:19 INFO  HomePageFunctionality:26 - App is launching
2021-03-26 07:27:30 INFO  SeleniumUtility:54 - Salesforce  is closed
2021-05-13 10:44:16 INFO  SeleniumUtility:50 - Salesforce  is launched
2021-05-13 10:44:16 INFO  HomePageFunctionality:31 - ChromeDriver: chrome on WINDOWS (520c36d5572e212838c16e2e0ce15301)
2021-05-13 10:44:16 INFO  HomePageFunctionality:32 - App is launching
2021-05-13 10:44:21 INFO  SeleniumUtility:55 - Salesforce  is closed
2021-05-13 10:49:50 INFO  SeleniumUtility:50 - Zoopla   is launched
2021-05-13 10:49:50 INFO  HomePageFunctionality:31 - ChromeDriver: chrome on WINDOWS (0b24aac7f5979edccd3c5e65433cebd6)
2021-05-13 10:49:50 INFO  HomePageFunctionality:32 - App is launching
2021-05-13 10:50:03 INFO  SeleniumUtility:55 - Zoopla  is closed
2021-05-13 10:50:47 INFO  SeleniumUtility:50 - Zoopla   is launched
2021-05-13 10:50:47 INFO  HomePageFunctionality:31 - ChromeDriver: chrome on WINDOWS (3c2cf6250ce29d98050af760de47a0f9)
2021-05-13 10:50:47 INFO  HomePageFunctionality:32 - App is launching
2021-05-13 10:51:01 INFO  SeleniumUtility:55 - Zoopla  is closed
2021-05-13 10:53:29 INFO  SeleniumUtility:50 - Zoopla   is launched
2021-05-13 10:53:29 INFO  HomePageFunctionality:31 - ChromeDriver: chrome on WINDOWS (ee759edddb343027e2500fbdb3720509)
2021-05-13 10:53:29 INFO  HomePageFunctionality:32 - App is launching
2021-05-13 10:53:42 INFO  SeleniumUtility:55 - Zoopla  is closed
2021-05-13 10:56:15 INFO  SeleniumUtility:50 - Zoopla   is launched
2021-05-13 10:56:15 INFO  HomePageFunctionality:32 - ChromeDriver: chrome on WINDOWS (bcdd8482518c8c4c972a5dfe733d52d4)
2021-05-13 10:56:15 INFO  HomePageFunctionality:33 - App is launching
2021-05-13 10:56:27 INFO  SeleniumUtility:55 - Zoopla  is closed
2021-05-13 10:58:33 INFO  SeleniumUtility:50 - Zoopla   is launched
2021-05-13 10:58:33 INFO  HomePageFunctionality:32 - ChromeDriver: chrome on WINDOWS (b6fe0fce3229f52d2d0495bc788c2897)
2021-05-13 10:58:33 INFO  HomePageFunctionality:33 - App is launching
2021-05-13 10:58:47 INFO  SeleniumUtility:55 - Zoopla  is closed
2021-05-13 11:06:00 INFO  SeleniumUtility:50 - Zoopla   is launched
2021-05-13 11:06:00 INFO  HomePageFunctionality:32 - ChromeDriver: chrome on WINDOWS (012fae495639acdbfc04e86a4edb912f)
2021-05-13 11:06:00 INFO  HomePageFunctionality:33 - App is launching
2021-05-13 11:06:17 INFO  SeleniumUtility:55 - Zoopla  is closed
2021-05-13 11:09:13 INFO  SeleniumUtility:50 - Zoopla   is launched
2021-05-13 11:09:13 INFO  HomePageFunctionality:32 - ChromeDriver: chrome on WINDOWS (c562a90e33f41420de0f7e64565185b6)
2021-05-13 11:09:13 INFO  HomePageFunctionality:33 - App is launching
2021-05-13 11:09:27 INFO  SeleniumUtility:55 - Zoopla  is closed
2021-05-13 11:13:31 INFO  SeleniumUtility:50 - Zoopla   is launched
2021-05-13 11:13:31 INFO  HomePageFunctionality:32 - ChromeDriver: chrome on WINDOWS (8b36239f341754fc9e98cb494e4a9b51)
2021-05-13 11:13:31 INFO  HomePageFunctionality:33 - App is launching
2021-05-13 11:13:40 INFO  SeleniumUtility:55 - Zoopla  is closed
2021-05-13 11:15:47 INFO  SeleniumUtility:50 - Zoopla   is launched
2021-05-13 11:15:47 INFO  HomePageFunctionality:32 - ChromeDriver: chrome on WINDOWS (7b34e462dbc9e31b75a9405e156e86e1)
2021-05-13 11:15:47 INFO  HomePageFunctionality:33 - App is launching
2021-05-13 11:16:00 INFO  SeleniumUtility:55 - Zoopla  is closed
2021-05-13 11:19:49 INFO  SeleniumUtility:50 - Zoopla   is launched
2021-05-13 11:19:49 INFO  HomePageFunctionality:32 - ChromeDriver: chrome on WINDOWS (b5d33cdfa4cc2b229001dec1f21ff8b1)
2021-05-13 11:19:49 INFO  HomePageFunctionality:33 - App is launching
2021-05-13 11:20:39 INFO  SeleniumUtility:50 - Zoopla   is launched
2021-05-13 11:20:39 INFO  HomePageFunctionality:32 - ChromeDriver: chrome on WINDOWS (d1cc7bc9c3a67443786bcb1185bf61a3)
2021-05-13 11:20:39 INFO  HomePageFunctionality:33 - App is launching
2021-05-13 11:21:23 INFO  SeleniumUtility:50 - Zoopla   is launched
2021-05-13 11:21:23 INFO  HomePageFunctionality:32 - ChromeDriver: chrome on WINDOWS (e8d1436daa8f78b810d9f24926fc1ef4)
2021-05-13 11:21:23 INFO  HomePageFunctionality:33 - App is launching
2021-05-13 11:27:03 INFO  SeleniumUtility:50 - Zoopla   is launched
2021-05-13 11:27:03 INFO  HomePageFunctionality:32 - ChromeDriver: chrome on WINDOWS (584cb5a589dc0af5903af3a07d2403e7)
2021-05-13 11:27:03 INFO  HomePageFunctionality:33 - App is launching
2021-05-13 11:30:21 INFO  SeleniumUtility:50 - Zoopla   is launched
2021-05-13 11:30:21 INFO  HomePageFunctionality:32 - ChromeDriver: chrome on WINDOWS (8c931a88f5083a3f62ebb75cbe391110)
2021-05-13 11:30:21 INFO  HomePageFunctionality:33 - App is launching
2021-05-13 11:32:15 INFO  SeleniumUtility:50 - Zoopla   is launched
2021-05-13 11:32:15 INFO  HomePageFunctionality:32 - ChromeDriver: chrome on WINDOWS (f47689a15c9a88e336bb34a5301bffc5)
2021-05-13 11:32:15 INFO  HomePageFunctionality:33 - App is launching
2021-05-13 11:33:35 INFO  SeleniumUtility:50 - Zoopla   is launched
2021-05-13 11:33:35 INFO  HomePageFunctionality:32 - ChromeDriver: chrome on WINDOWS (cb53f33c947a6173f8181d2aaa52859c)
2021-05-13 11:33:35 INFO  HomePageFunctionality:33 - App is launching
